2019-09-24 11:34:57 ERROR Client_Socket:60 - javafx.fxml.LoadException: Error resolving onAction='#click', either the event handler is not in the Namespace or there is an error in the script.
/C:/Users/Dima/InteliJIDE%20Project/WebClient/target/classes/GPI/ExpenseTracker.fxml:29

2019-09-29 20:19:46 ERROR Client_Socket:39 - java.net.ConnectException: Connection refused: connect
2019-09-29 20:51:16 ERROR Client_Socket:60 - javafx.fxml.LoadException: ChoiceBox is not a valid type.
/C:/Users/Dima/InteliJIDE%20Project/WebClient/target/classes/GPI/ExpenseTracker.fxml:118

2019-10-06 20:23:51 ERROR Client_Socket:93 - javafx.fxml.LoadException: 

2019-10-06 20:23:58 ERROR Client_Socket:93 - javafx.fxml.LoadException: 

2019-10-06 20:25:13 ERROR Client_Socket:93 - javafx.fxml.LoadException: 

2019-10-07 08:35:09 ERROR Client_Socket:39 - java.net.ConnectException: Connection refused: connect
2019-10-07 08:36:37 ERROR Client_Socket:58 - java.net.SocketException: Connection reset
2019-10-07 08:36:37 INFO  Client_Socket:64 - Socket was close.
2019-10-07 08:56:14 ERROR Client_Socket:58 - java.net.SocketException: Connection reset
2019-10-07 08:56:14 INFO  Client_Socket:64 - Socket was close.
2019-10-07 09:01:53 ERROR Client_Socket:58 - java.net.SocketException: Connection reset
2019-10-07 09:01:53 INFO  Client_Socket:64 - Socket was close.
2019-10-07 09:07:00 ERROR Client_Socket:58 - java.net.SocketException: Connection reset
2019-10-07 09:07:00 INFO  Client_Socket:64 - Socket was close.
2019-10-07 09:10:55 ERROR Client_Socket:58 - java.net.SocketException: Connection reset
2019-10-07 09:10:55 INFO  Client_Socket:64 - Socket was close.
2019-10-07 09:11:29 ERROR Client_Socket:58 - java.net.SocketException: Connection reset
2019-10-07 09:11:29 INFO  Client_Socket:64 - Socket was close.
2019-10-07 09:11:40 INFO  Client_Socket:64 - Socket was close.
2019-10-07 10:01:31 INFO  Client_Socket:64 - Socket was close.
2019-10-07 10:04:26 INFO  Client_Socket:64 - Socket was close.
2019-10-07 10:05:15 INFO  Client_Socket:64 - Socket was close.
2019-10-07 10:10:05 INFO  Client_Socket:64 - Socket was close.
2019-10-07 10:11:11 ERROR Client_Socket:58 - java.net.SocketException: Connection reset
2019-10-07 10:11:11 INFO  Client_Socket:64 - Socket was close.
2019-10-07 10:11:21 INFO  Client_Socket:64 - Socket was close.
2019-10-07 10:22:22 ERROR Client_Socket:58 - java.net.SocketException: Connection reset
2019-10-07 10:22:22 INFO  Client_Socket:64 - Socket was close.
2019-10-07 10:24:35 ERROR Client_Socket:58 - java.net.SocketException: Connection reset
2019-10-07 10:24:35 INFO  Client_Socket:64 - Socket was close.
2019-10-07 10:24:46 INFO  Client_Socket:64 - Socket was close.
2019-10-07 10:34:28 INFO  Client_Socket:64 - Socket was close.
2019-10-07 10:35:10 INFO  Client_Socket:64 - Socket was close.
2019-10-07 10:36:20 INFO  Client_Socket:64 - Socket was close.
2019-10-07 10:37:18 INFO  Client_Socket:64 - Socket was close.
2019-10-07 10:40:22 INFO  Client_Socket:64 - Socket was close.
2019-10-07 10:41:21 ERROR Client_Socket:58 - java.net.SocketException: Connection reset
2019-10-07 10:41:21 INFO  Client_Socket:64 - Socket was close.
2019-10-07 10:41:58 INFO  Client_Socket:64 - Socket was close.
2019-10-07 10:42:51 ERROR Client_Socket:58 - java.net.SocketException: Connection reset
2019-10-07 10:42:51 INFO  Client_Socket:64 - Socket was close.
2019-10-10 08:05:38 INFO  Client_Socket:64 - Socket was close.
2019-10-13 20:22:30 INFO  Client_Socket:64 - Socket was close.
2019-10-13 20:27:37 ERROR Client_Socket:58 - java.net.SocketException: Connection reset
2019-10-13 20:27:37 INFO  Client_Socket:64 - Socket was close.
2019-10-13 20:27:51 INFO  Client_Socket:64 - Socket was close.
2019-10-13 20:32:29 INFO  Client_Socket:64 - Socket was close.
2019-10-13 20:33:40 INFO  Client_Socket:64 - Socket was close.
2019-10-13 20:33:58 INFO  Client_Socket:64 - Socket was close.
2019-10-13 20:36:15 INFO  Client_Socket:64 - Socket was close.
2019-10-13 20:36:20 INFO  Client_Socket:64 - Socket was close.
